2017-05-22 10:21:38,460 [INFO] from application in pool-1-thread-1 - Creating Pool for datasource 'default'
2017-05-22 10:21:45,431 [WARN] from com.gargoylesoftware.htmlunit.DefaultCssErrorHandler in pool-1-thread-1-ScalaTest-running-TextboardSpec - CSS error: 'https://maxcdn.bootstrapcdn.com/bootstrap/3.3.7/css/bootstrap.min.css' [5:56298] Error in expression; ':' found after identifier "progid".
2017-05-22 10:21:45,564 [WARN] from com.gargoylesoftware.htmlunit.DefaultCssErrorHandler in pool-1-thread-1-ScalaTest-running-TextboardSpec - CSS error: 'https://maxcdn.bootstrapcdn.com/bootstrap/3.3.7/css/bootstrap.min.css' [5:113847] Error in expression; ':' found after identifier "progid".
2017-05-22 10:21:45,568 [WARN] from com.gargoylesoftware.htmlunit.DefaultCssErrorHandler in pool-1-thread-1-ScalaTest-running-TextboardSpec - CSS error: 'https://maxcdn.bootstrapcdn.com/bootstrap/3.3.7/css/bootstrap.min.css' [5:114390] Error in expression; ':' found after identifier "progid".
2017-05-22 10:21:45,570 [WARN] from com.gargoylesoftware.htmlunit.DefaultCssErrorHandler in pool-1-thread-1-ScalaTest-running-TextboardSpec - CSS error: 'https://maxcdn.bootstrapcdn.com/bootstrap/3.3.7/css/bootstrap.min.css' [5:115558] Invalid color "#000\9".
2017-05-22 10:21:47,142 [INFO] from application in pool-1-thread-1 - Shutting down connection pool.
2017-05-22 10:34:20,049 [INFO] from application in pool-1-thread-1 - Creating Pool for datasource 'default'
2017-05-22 10:34:23,926 [WARN] from com.gargoylesoftware.htmlunit.DefaultCssErrorHandler in pool-1-thread-1-ScalaTest-running-TextboardSpec - CSS error: 'https://maxcdn.bootstrapcdn.com/bootstrap/3.3.7/css/bootstrap.min.css' [5:56298] Error in expression; ':' found after identifier "progid".
2017-05-22 10:34:23,993 [WARN] from com.gargoylesoftware.htmlunit.DefaultCssErrorHandler in pool-1-thread-1-ScalaTest-running-TextboardSpec - CSS error: 'https://maxcdn.bootstrapcdn.com/bootstrap/3.3.7/css/bootstrap.min.css' [5:113847] Error in expression; ':' found after identifier "progid".
2017-05-22 10:34:23,995 [WARN] from com.gargoylesoftware.htmlunit.DefaultCssErrorHandler in pool-1-thread-1-ScalaTest-running-TextboardSpec - CSS error: 'https://maxcdn.bootstrapcdn.com/bootstrap/3.3.7/css/bootstrap.min.css' [5:114390] Error in expression; ':' found after identifier "progid".
2017-05-22 10:34:23,997 [WARN] from com.gargoylesoftware.htmlunit.DefaultCssErrorHandler in pool-1-thread-1-ScalaTest-running-TextboardSpec - CSS error: 'https://maxcdn.bootstrapcdn.com/bootstrap/3.3.7/css/bootstrap.min.css' [5:115558] Invalid color "#000\9".
2017-05-22 10:34:24,992 [INFO] from application in pool-1-thread-1 - Shutting down connection pool.
2017-05-25 16:27:28,406 [INFO] from application in pool-1-thread-1 - Creating Pool for datasource 'default'
2017-05-25 16:27:34,185 [WARN] from com.gargoylesoftware.htmlunit.DefaultCssErrorHandler in pool-1-thread-1-ScalaTest-running-TextboardSpec - CSS error: 'https://maxcdn.bootstrapcdn.com/bootstrap/3.3.7/css/bootstrap.min.css' [5:56298] Error in expression; ':' found after identifier "progid".
2017-05-25 16:27:34,267 [WARN] from com.gargoylesoftware.htmlunit.DefaultCssErrorHandler in pool-1-thread-1-ScalaTest-running-TextboardSpec - CSS error: 'https://maxcdn.bootstrapcdn.com/bootstrap/3.3.7/css/bootstrap.min.css' [5:113847] Error in expression; ':' found after identifier "progid".
2017-05-25 16:27:34,268 [WARN] from com.gargoylesoftware.htmlunit.DefaultCssErrorHandler in pool-1-thread-1-ScalaTest-running-TextboardSpec - CSS error: 'https://maxcdn.bootstrapcdn.com/bootstrap/3.3.7/css/bootstrap.min.css' [5:114390] Error in expression; ':' found after identifier "progid".
2017-05-25 16:27:34,270 [WARN] from com.gargoylesoftware.htmlunit.DefaultCssErrorHandler in pool-1-thread-1-ScalaTest-running-TextboardSpec - CSS error: 'https://maxcdn.bootstrapcdn.com/bootstrap/3.3.7/css/bootstrap.min.css' [5:115558] Invalid color "#000\9".
2017-05-25 16:27:35,304 [INFO] from application in pool-1-thread-1 - Shutting down connection pool.
2017-05-25 16:28:26,195 [INFO] from application in pool-1-thread-1-ScalaTest-running-TextboardSpec - Creating Pool for datasource 'default'
2017-05-25 16:28:28,870 [INFO] from application in pool-1-thread-1-ScalaTest-running-TextboardSpec - Shutting down connection pool.
2017-05-25 16:28:29,021 [INFO] from application in pool-1-thread-1-ScalaTest-running-TextboardSpec - Creating Pool for datasource 'default'
2017-05-25 16:28:30,587 [WARN] from com.gargoylesoftware.htmlunit.DefaultCssErrorHandler in pool-1-thread-1-ScalaTest-running-TextboardSpec - CSS error: 'https://maxcdn.bootstrapcdn.com/bootstrap/3.3.7/css/bootstrap.min.css' [5:56298] Error in expression; ':' found after identifier "progid".
2017-05-25 16:28:30,744 [WARN] from com.gargoylesoftware.htmlunit.DefaultCssErrorHandler in pool-1-thread-1-ScalaTest-running-TextboardSpec - CSS error: 'https://maxcdn.bootstrapcdn.com/bootstrap/3.3.7/css/bootstrap.min.css' [5:113847] Error in expression; ':' found after identifier "progid".
2017-05-25 16:28:30,745 [WARN] from com.gargoylesoftware.htmlunit.DefaultCssErrorHandler in pool-1-thread-1-ScalaTest-running-TextboardSpec - CSS error: 'https://maxcdn.bootstrapcdn.com/bootstrap/3.3.7/css/bootstrap.min.css' [5:114390] Error in expression; ':' found after identifier "progid".
2017-05-25 16:28:30,747 [WARN] from com.gargoylesoftware.htmlunit.DefaultCssErrorHandler in pool-1-thread-1-ScalaTest-running-TextboardSpec - CSS error: 'https://maxcdn.bootstrapcdn.com/bootstrap/3.3.7/css/bootstrap.min.css' [5:115558] Invalid color "#000\9".
2017-05-25 16:28:31,377 [INFO] from application in pool-1-thread-1-ScalaTest-running-TextboardSpec - Shutting down connection pool.
2017-05-25 16:28:31,461 [INFO] from application in pool-1-thread-1-ScalaTest-running-TextboardSpec - Creating Pool for datasource 'default'
2017-05-25 16:28:31,840 [INFO] from application in pool-1-thread-1-ScalaTest-running-TextboardSpec - Shutting down connection pool.
2017-05-25 16:28:32,063 [INFO] from application in pool-1-thread-1-ScalaTest-running-TextboardSpec - Creating Pool for datasource 'default'
2017-05-25 16:28:32,625 [INFO] from application in pool-1-thread-1-ScalaTest-running-TextboardSpec - Shutting down connection pool.
